START-OF-LOG: 3.0
LOCATION: DX
CALLSIGN: JA1BPA
CONTEST: CQ-WW-CW
CATEGORY-OPERATOR: MULTI-OP
CATEGORY-ASSISTED: ASSISTED
CATEGORY-BAND: ALL
CATEGORY-MODE: CW
CATEGORY-POWER: HIGH
CATEGORY-STATION: FIXED
CATEGORY-TRANSMITTER: ONE
QSO: 28029 CW 2014-11-29 0000 JA1BPA        599 25     W6OAT         599 03     0     
QSO: 21003 CW 2014-11-29 0000 JA1BPA        599 25     W3LPL         599 05     1 
QSO: 28029 CW 2014-11-29 0000 JA1BPA        599 25     N5AW          599 04     0 
QSO: 28029 CW 2014-11-29 0000 JA1BPA        599 25     W1SRD         599 03     0 
QSO: 21004 CW 2014-11-29 0001 JA1BPA        599 25     K5TR          599 04     1 
QSO: 28029 CW 2014-11-29 0001 JA1BPA        599 25     W6LEN         599 03     0 
QSO: 28029 CW 2014-11-29 0001 JA1BPA        599 25     AA9A          599 04     0 
QSO: 21009 CW 2014-11-29 0001 JA1BPA        599 25     VE3JM         599 04     1 
QSO: 28029 CW 2014-11-29 0002 JA1BPA        599 25     K0PC          599 04     0 
QSO: 21007 CW 2014-11-29 0003 JA1BPA        599 25     W7VJ          599 03     1 
QSO: 28029 CW 2014-11-29 0003 JA1BPA        599 25     W1PR/6        599 03     0 
QSO: 21009 CW 2014-11-29 0003 JA1BPA        599 25     ZW5B          599 11     1 
QSO: 21012 CW 2014-11-29 0004 JA1BPA        599 25     CX5UA         599 13     1 
QSO: 21006 CW 2014-11-29 0005 JA1BPA        599 25     HI3A          599 08     1 
QSO: 28029 CW 2014-11-29 0005 JA1BPA        599 25     KC0CWU        599 04     0 
QSO: 28029 CW 2014-11-29 0005 JA1BPA        599 25     KI7Y          599 03     0 
QSO: 28029 CW 2014-11-29 0006 JA1BPA        599 25     N6PN          599 03     0 
QSO: 28029 CW 2014-11-29 0007 JA1BPA        599 25     PY2EYE        599 11     0 
QSO: 21008 CW 2014-11-29 0008 JA1BPA        599 25     9V1RM         599 28     1 
QSO: 28029 CW 2014-11-29 0008 JA1BPA        599 25     W7BRO         599 03     0 
QSO: 28029 CW 2014-11-29 0009 JA1BPA        599 25     NI7R          599 03     0 
QSO: 28029 CW 2014-11-29 0010 JA1BPA        599 25     W6TMD         599 03     0 
QSO: 28029 CW 2014-11-29 0010 JA1BPA        599 25     AA7V          599 03     0 
QSO: 21028 CW 2014-11-29 0010 JA1BPA        599 25     HS0ZAR        599 26     1 
QSO: 28029 CW 2014-11-29 0011 JA1BPA        599 25     VE7CV         599 03     0 
QSO: 21027 CW 2014-11-29 0011 JA1BPA        599 25     CE3CT         599 12     1 
QSO: 28029 CW 2014-11-29 0012 JA1BPA        599 25     N0NI          599 04     0 
QSO: 21008 CW 2014-11-29 0012 JA1BPA        599 25     6Y6N          599 08     1 
QSO: 28029 CW 2014-11-29 0012 JA1BPA        599 25     K5NA          599 04     0 
QSO: 28029 CW 2014-11-29 0013 JA1BPA        599 25     WA7SCH        599 03     0 
QSO: 28029 CW 2014-11-29 0013 JA1BPA        599 25     W0VX          599 04     0 
QSO: 28029 CW 2014-11-29 0014 JA1BPA        599 25     K6RB          599 03     0 
QSO: 28029 CW 2014-11-29 0014 JA1BPA        599 25     K0AU          599 03     0 
QSO: 28029 CW 2014-11-29 0014 JA1BPA        599 25     AC4CA         599 04     0 
QSO: 28029 CW 2014-11-29 0015 JA1BPA        599 25     N1CC          599 04     0 
QSO: 21024 CW 2014-11-29 0016 JA1BPA        599 25     HK1NA         599 09     1 
QSO: 28029 CW 2014-11-29 0016 JA1BPA        599 25     K6MM          599 03     0 
QSO: 28029 CW 2014-11-29 0016 JA1BPA        599 25     K6OM          599 03     0 
QSO: 28029 CW 2014-11-29 0017 JA1BPA        599 25     K9ZO          599 04     0 
QSO: 28029 CW 2014-11-29 0017 JA1BPA        599 25     NE7D          599 03     0 
QSO: 28029 CW 2014-11-29 0017 JA1BPA        599 25     N5DO          599 04     0 
QSO: 21022 CW 2014-11-29 0018 JA1BPA        599 25     ZL2AL         599 32     1 
QSO: 28029 CW 2014-11-29 0018 JA1BPA        599 25     K7SS          599 03     0 
QSO: 28029 CW 2014-11-29 0018 JA1BPA        599 25     VE7AX         599 03     0 
QSO: 28029 CW 2014-11-29 0019 JA1BPA        599 25     KC0V          599 04     0 
QSO: 28029 CW 2014-11-29 0020 JA1BPA        599 25     KN0V          599 04     0 
QSO: 28029 CW 2014-11-29 0021 JA1BPA        599 25     K6LL          599 03     0 
QSO: 21015 CW 2014-11-29 0022 JA1BPA        599 25     YE2C          599 28     1 
QSO: 21020 CW 2014-11-29 0022 JA1BPA        599 25     B7Q           599 24     1 
QSO: 28029 CW 2014-11-29 0024 JA1BPA        599 25     VA7MG         599 03     0 
QSO: 28029 CW 2014-11-29 0024 JA1BPA        599 25     W6SX          599 03     0 
QSO: 28029 CW 2014-11-29 0025 JA1BPA        599 25     W6JTI         599 03     0 
QSO: 28029 CW 2014-11-29 0026 JA1BPA        599 25     N6NC          599 03     0 
QSO: 21026 CW 2014-11-29 0026 JA1BPA        599 25     DS4EOI/2      599 25     1 
QSO: 28029 CW 2014-11-29 0027 JA1BPA        599 25     NA5G          599 04     0 
QSO: 28029 CW 2014-11-29 0027 JA1BPA        599 25     W7YAQ         599 03     0 
QSO: 28029 CW 2014-11-29 0028 JA1BPA        599 25     9V1JA         599 28     0 
QSO: 28029 CW 2014-11-29 0028 JA1BPA        599 25     K0FX          599 04     0 
QSO: 21042 CW 2014-11-29 0029 JA1BPA        599 25     KH7XX         599 31     1 
QSO: 28029 CW 2014-11-29 0029 JA1BPA        599 25     VY1EI         599 01     0 
QSO: 21056 CW 2014-11-29 0029 JA1BPA        599 25     7N2JZT/6      599 25     1 
QSO: 28029 CW 2014-11-29 0031 JA1BPA        599 25     TI2OY         599 07     0 
QSO: 28029 CW 2014-11-29 0031 JA1BPA        599 25     BH7PFH        599 24     0 
QSO: 28029 CW 2014-11-29 0032 JA1BPA        599 25     K7UA          599 03     0 
QSO: 28029 CW 2014-11-29 0032 JA1BPA        599 25     WD5K          599 04     0 
QSO: 21067 CW 2014-11-29 0032 JA1BPA        599 25     ZP9MCE        599 11     1 
QSO: 28029 CW 2014-11-29 0033 JA1BPA        599 25     K7RLD         599 03     0 
QSO: 21060 CW 2014-11-29 0033 JA1BPA        599 25     CO8LY         599 08     1 
QSO: 28029 CW 2014-11-29 0034 JA1BPA        599 25     K4RO          599 04     0 
QSO: 28029 CW 2014-11-29 0034 JA1BPA        599 25     W6PH          599 03     0 
QSO: 21049 CW 2014-11-29 0034 JA1BPA        599 25     8P5A          599 08     1 
QSO: 28029 CW 2014-11-29 0035 JA1BPA        599 25     VE5UF         599 04     0 
QSO: 28029 CW 2014-11-29 0035 JA1BPA        599 25     K7WK          599 03     0 
QSO: 21052 CW 2014-11-29 0035 JA1BPA        599 25     LR1E          599 13     1 
QSO: 28029 CW 2014-11-29 0036 JA1BPA        599 25     W0ETT         599 04     0 
QSO: 28029 CW 2014-11-29 0036 JA1BPA        599 25     W7QN          599 03     0 
QSO: 28029 CW 2014-11-29 0037 JA1BPA        599 25     KM5G          599 04     0 
QSO: 28029 CW 2014-11-29 0037 JA1BPA        599 25     K7XZ          599 03     0 
QSO: 28029 CW 2014-11-29 0038 JA1BPA        599 25     W7OO          599 03     0 
QSO: 28029 CW 2014-11-29 0039 JA1BPA        599 25     W9WI          599 04     0 
QSO: 28029 CW 2014-11-29 0039 JA1BPA        599 25     K7ABV         599 04     0 
QSO: 28029 CW 2014-11-29 0039 JA1BPA        599 25     VE6EX         599 04     0 
QSO: 28029 CW 2014-11-29 0040 JA1BPA        599 25     KE7X          599 04     0 
QSO: 28029 CW 2014-11-29 0041 JA1BPA        599 25     K0HCV         599 04     0 
QSO: 21013 CW 2014-11-29 0041 JA1BPA        599 25     PJ2T          599 09     1 
QSO: 28029 CW 2014-11-29 0041 JA1BPA        599 25     WD8RYC        599 04     0 
QSO: 28029 CW 2014-11-29 0042 JA1BPA        599 25     AD1C          599 04     0 
QSO: 28029 CW 2014-11-29 0042 JA1BPA        599 25     NQ7R          599 03     0 
QSO: 28029 CW 2014-11-29 0043 JA1BPA        599 25     KA9A          599 03     0 
QSO: 28029 CW 2014-11-29 0043 JA1BPA        599 25     K7ENA         599 03     0 
QSO: 28029 CW 2014-11-29 0044 JA1BPA        599 25     AD5MN         599 04     0 
QSO: 28029 CW 2014-11-29 0044 JA1BPA        599 25     PY4ZO         599 11     0 
QSO: 21020 CW 2014-11-29 0045 JA1BPA        599 25     VR2CO         599 24     1 
QSO: 28029 CW 2014-11-29 0045 JA1BPA        599 25     NA6O          599 03     0 
QSO: 28029 CW 2014-11-29 0046 JA1BPA        599 25     WQ5L          599 04     0 
QSO: 28029 CW 2014-11-29 0046 JA1BPA        599 25     KA5CJJ        599 04     0 
QSO: 28029 CW 2014-11-29 0048 JA1BPA        599 25     K9LJN         599 04     0 
QSO: 28029 CW 2014-11-29 0049 JA1BPA        599 25     KB5GA         599 04     0 
QSO: 28029 CW 2014-11-29 0049 JA1BPA        599 25     K6UM          599 03     0 
QSO: 21032 CW 2014-11-29 0049 JA1BPA        599 25     9M6/NR1J      599 28     1 
QSO: 28029 CW 2014-11-29 0049 JA1BPA        599 25     K7WA          599 03     0 
QSO: 28029 CW 2014-11-29 0050 JA1BPA        599 25     N0IJ          599 04     0 
QSO: 28029 CW 2014-11-29 0050 JA1BPA        599 25     N4IJ          599 04     0 
QSO: 21037 CW 2014-11-29 0050 JA1BPA        599 25     XU7AEZ        599 26     1 
QSO: 28029 CW 2014-11-29 0051 JA1BPA        599 25     KE0UI         599 04     0 
QSO: 28029 CW 2014-11-29 0051 JA1BPA        599 25     W0DLE         599 04     0 
QSO: 28029 CW 2014-11-29 0052 JA1BPA        599 25     W7TJ          599 03     0 
QSO: 28029 CW 2014-11-29 0052 JA1BPA        599 25     N7RK          599 03     0 
QSO: 21039 CW 2014-11-29 0053 JA1BPA        599 25     AL9A          599 01     1 
QSO: 28029 CW 2014-11-29 0053 JA1BPA        599 25     AG7N          599 03     0 
QSO: 28029 CW 2014-11-29 0053 JA1BPA        599 25     KI6IT         599 03     0 
QSO: 21037 CW 2014-11-29 0053 JA1BPA        599 25     FY5KE         599 09     1 
QSO: 28029 CW 2014-11-29 0054 JA1BPA        599 25     RV9UP         599 18     0 
QSO: 28029 CW 2014-11-29 0054 JA1BPA        599 25     K6JEB         599 03     0 
QSO: 28029 CW 2014-11-29 0055 JA1BPA        599 25     W6AWW         599 03     0 
QSO: 28029 CW 2014-11-29 0055 JA1BPA        599 25     WF5E          599 04     0 
QSO: 28029 CW 2014-11-29 0056 JA1BPA        599 25     N4ZZ          599 04     0 
QSO: 21031 CW 2014-11-29 0056 JA1BPA        599 25     RT0C          599 19     1 
QSO: 28029 CW 2014-11-29 0056 JA1BPA        599 25     W5MJ          599 04     0 
QSO: 28029 CW 2014-11-29 0057 JA1BPA        599 25     XE1CT         599 06     0 
QSO: 28029 CW 2014-11-29 0058 JA1BPA        599 25     BA3TT         599 24     0 
QSO: 21066 CW 2014-11-29 0058 JA1BPA        599 25     HD2A          599 10     1 
QSO: 28029 CW 2014-11-29 0058 JA1BPA        599 25     WA0WWW        599 03     0 
QSO: 28029 CW 2014-11-29 0058 JA1BPA        599 25     N5NHJ         599 04     0 
QSO: 28029 CW 2014-11-29 0059 JA1BPA        599 25     K7WP          599 03     0 
QSO: 28029 CW 2014-11-29 0059 JA1BPA        599 25     AJ6V          599 03     0 
QSO: 21071 CW 2014-11-29 0100 JA1BPA        599 25     RI1ANC        599 29     1 
QSO: 28029 CW 2014-11-29 0102 JA1BPA        599 25     VE6UM         599 04     0 
QSO: 21041 CW 2014-11-29 0102 JA1BPA        599 25     NH2DX         599 27     1 
QSO: 28029 CW 2014-11-29 0103 JA1BPA        599 25     W7FI          599 03     0 
QSO: 28029 CW 2014-11-29 0105 JA1BPA        599 25     BI7OEZ        599 24     0 
QSO: 28029 CW 2014-11-29 0105 JA1BPA        599 25     K6NV          599 03     0 
QSO: 28029 CW 2014-11-29 0105 JA1BPA        599 25     N0EF          599 04     0 
QSO: 28029 CW 2014-11-29 0105 JA1BPA        599 25     KM6JD         599 03     0 
QSO: 21038 CW 2014-11-29 0106 JA1BPA        599 25     VK4KW         599 30     1 
QSO: 28029 CW 2014-11-29 0106 JA1BPA        599 25     N1XS          599 04     0 
QSO: 28029 CW 2014-11-29 0106 JA1BPA        599 25     W7OM          599 03     0 
QSO: 28029 CW 2014-11-29 0107 JA1BPA        599 25     WA6URY        599 03     0 
QSO: 28029 CW 2014-11-29 0107 JA1BPA        599 25     PY4LH         599 11     0 
QSO: 28029 CW 2014-11-29 0108 JA1BPA        599 25     WA6DBC        599 03     0 
QSO: 28029 CW 2014-11-29 0108 JA1BPA        599 25     W7GF          599 03     0 
QSO: 21043 CW 2014-11-29 0108 JA1BPA        599 25     3W3O          599 26     1 
QSO: 21069 CW 2014-11-29 0108 JA1BPA        599 25     3B8MU         599 39     1 
QSO: 28029 CW 2014-11-29 0109 JA1BPA        599 25     AA4Q          599 03     0 
QSO: 28029 CW 2014-11-29 0109 JA1BPA        599 25     K7JPF         599 03     0 
QSO: 28029 CW 2014-11-29 0110 JA1BPA        599 25     N7EIE         599 03     0 
QSO: 28029 CW 2014-11-29 0110 JA1BPA        599 25     K5KU          599 04     0 
QSO: 28029 CW 2014-11-29 0111 JA1BPA        599 25     W7ZR          599 03     0 
QSO: 28029 CW 2014-11-29 0111 JA1BPA        599 25     NM5Y          599 04     0 
QSO: 21056 CW 2014-11-29 0114 JA1BPA        599 25     NW6V          599 03     0 
QSO: 21056 CW 2014-11-29 0114 JA1BPA        599 25     KY4F          599 04     0 
QSO: 21056 CW 2014-11-29 0115 JA1BPA        599 25     K4RUM         599 05     0 
QSO: 21056 CW 2014-11-29 0115 JA1BPA        599 25     KE0A          599 04     0 
QSO: 21056 CW 2014-11-29 0116 JA1BPA        599 25     AB6WL         599 03     0 
QSO: 21056 CW 2014-11-29 0117 JA1BPA        599 25     N1IX          599 05     0 
QSO: 21056 CW 2014-11-29 0117 JA1BPA        599 25     W1PR/6        599 03     0 
QSO: 21056 CW 2014-11-29 0118 JA1BPA        599 25     PY3AU         599 11     0 
QSO: 21056 CW 2014-11-29 0119 JA1BPA        599 25     K4ORD         599 05     0 
QSO: 21056 CW 2014-11-29 0119 JA1BPA        599 25     K7GK          599 03     0 
QSO: 21056 CW 2014-11-29 0119 JA1BPA        599 25     K3RV          599 05     0 
QSO: 21056 CW 2014-11-29 0120 JA1BPA        599 25     W6OAT         599 03     0 
QSO: 21056 CW 2014-11-29 0120 JA1BPA        599 25     WE3C          599 05     0 
QSO: 21056 CW 2014-11-29 0120 JA1BPA        599 25     NS9I          599 04     0 
QSO: 21056 CW 2014-11-29 0121 JA1BPA        599 25     K3NK          599 05     0 
QSO: 21056 CW 2014-11-29 0121 JA1BPA        599 25     K0HUU         599 04     0 
QSO: 21056 CW 2014-11-29 0122 JA1BPA        599 25     KB9NW         599 04     0 
QSO: 21056 CW 2014-11-29 0122 JA1BPA        599 25     N4PN          599 05     0 
QSO: 21056 CW 2014-11-29 0122 JA1BPA        599 25     KE8G          599 04     0 
QSO: 21056 CW 2014-11-29 0123 JA1BPA        599 25     PY2FSR        599 11     0 
QSO: 21056 CW 2014-11-29 0124 JA1BPA        599 25     W9PA          599 04     0 
QSO: 28022 CW 2014-11-29 0126 JA1BPA        599 25     UA0DBX        599 19     1 
QSO: 21056 CW 2014-11-29 0126 JA1BPA        599 25     K2QPN         599 05     0 
END-OF-LOG:
